<?xml version="1.0" encoding="UTF-8"?>
<testsuites name="jest tests" tests="57" failures="0" errors="0" time="98.584">
  <testsuite name="EnhancedSkeleton Component" errors="0" failures="0" skipped="0" timestamp="2025-09-02T13:56:22" time="21.509" tests="7">
    <testcase classname="EnhancedSkeleton Component › CardSkeleton" name="renders card skeleton with title" time="1.013">
    </testcase>
    <testcase classname="EnhancedSkeleton Component › CardSkeleton" name="renders card skeleton without title" time="0.097">
    </testcase>
    <testcase classname="EnhancedSkeleton Component › ListItemSkeleton" name="renders list item skeleton" time="0.023">
    </testcase>
    <testcase classname="EnhancedSkeleton Component › TableSkeleton" name="renders table skeleton with rows" time="0.28">
    </testcase>
    <testcase classname="EnhancedSkeleton Component › TableSkeleton" name="renders table skeleton with default rows" time="0.186">
    </testcase>
    <testcase classname="EnhancedSkeleton Component › DashboardSkeleton" name="renders dashboard skeleton" time="0.177">
    </testcase>
    <testcase classname="EnhancedSkeleton Component › ChatSkeleton" name="renders chat skeleton" time="0.07">
    </testcase>
  </testsuite>
  <testsuite name="EnhancedSkeleton Integration Tests" errors="0" failures="0" skipped="0" timestamp="2025-09-02T13:56:23" time="23.446" tests="11">
    <testcase classname="EnhancedSkeleton Integration Tests › Real Component Rendering" name="renders real CardSkeleton component" time="0.636">
    </testcase>
    <testcase classname="EnhancedSkeleton Integration Tests › Real Component Rendering" name="renders real ListItemSkeleton component" time="0.066">
    </testcase>
    <testcase classname="EnhancedSkeleton Integration Tests › Real Component Rendering" name="renders real TableSkeleton component with custom rows" time="0.38">
    </testcase>
    <testcase classname="EnhancedSkeleton Integration Tests › Real Component Rendering" name="renders real DashboardSkeleton component" time="0.38">
    </testcase>
    <testcase classname="EnhancedSkeleton Integration Tests › Real Component Rendering" name="renders real ChatSkeleton component" time="0.119">
    </testcase>
    <testcase classname="EnhancedSkeleton Integration Tests › Component Props and Customization" name="renders CardSkeleton with custom height and animation" time="0.044">
    </testcase>
    <testcase classname="EnhancedSkeleton Integration Tests › Component Props and Customization" name="renders TableSkeleton with different row counts" time="0.161">
    </testcase>
    <testcase classname="EnhancedSkeleton Integration Tests › Material-UI Integration" name="uses correct Material-UI classes and styling" time="0.037">
    </testcase>
    <testcase classname="EnhancedSkeleton Integration Tests › Material-UI Integration" name="applies theme-based styling correctly" time="0.044">
    </testcase>
    <testcase classname="EnhancedSkeleton Integration Tests › Accessibility and Performance" name="renders without accessibility violations" time="0.132">
    </testcase>
    <testcase classname="EnhancedSkeleton Integration Tests › Accessibility and Performance" name="handles multiple instances without conflicts" time="0.154">
    </testcase>
  </testsuite>
  <testsuite name="TaskQueue Component" errors="0" failures="0" skipped="0" timestamp="2025-09-02T13:56:46" time="1.286" tests="3">
    <testcase classname="TaskQueue Component › Rendering" name="renders task queue with sections" time="0.07">
    </testcase>
    <testcase classname="TaskQueue Component › Rendering" name="displays basic structure" time="0.006">
    </testcase>
    <testcase classname="TaskQueue Component › Rendering" name="shows component content" time="0.014">
    </testcase>
  </testsuite>
  <testsuite name="AgentHub Component" errors="0" failures="0" skipped="0" timestamp="2025-09-02T13:56:48" time="1.168" tests="3">
    <testcase classname="AgentHub Component › Rendering" name="renders basic component structure" time="0.101">
    </testcase>
    <testcase classname="AgentHub Component › Rendering" name="displays component content" time="0.018">
    </testcase>
    <testcase classname="AgentHub Component › Rendering" name="shows component layout" time="0.007">
    </testcase>
  </testsuite>
  <testsuite name="SmartCommandBar Component" errors="0" failures="0" skipped="0" timestamp="2025-09-02T13:56:48" time="0.898" tests="3">
    <testcase classname="SmartCommandBar Component › Rendering" name="renders basic component structure" time="0.042">
    </testcase>
    <testcase classname="SmartCommandBar Component › Rendering" name="displays component content" time="0.01">
    </testcase>
    <testcase classname="SmartCommandBar Component › Rendering" name="shows component layout" time="0.004">
    </testcase>
  </testsuite>
  <testsuite name="API Utility Functions Unit Tests" errors="0" failures="0" skipped="0" timestamp="2025-09-02T13:56:49" time="1.339" tests="23">
    <testcase classname="API Utility Functions Unit Tests › Properties API" name="should fetch properties with filters" time="0.007">
    </testcase>
    <testcase classname="API Utility Functions Unit Tests › Properties API" name="should handle empty filters" time="0.001">
    </testcase>
    <testcase classname="API Utility Functions Unit Tests › Chat API" name="should send message without file upload" time="0.002">
    </testcase>
    <testcase classname="API Utility Functions Unit Tests › Chat API" name="should send message with file upload" time="0.001">
    </testcase>
    <testcase classname="API Utility Functions Unit Tests › Phase 3 API Functions" name="should detect entities" time="0.004">
    </testcase>
    <testcase classname="API Utility Functions Unit Tests › Phase 3 API Functions" name="should fetch entity context" time="0.001">
    </testcase>
    <testcase classname="API Utility Functions Unit Tests › Phase 3 API Functions" name="should get property details" time="0.002">
    </testcase>
    <testcase classname="API Utility Functions Unit Tests › Phase 3 API Functions" name="should get client info" time="0.001">
    </testcase>
    <testcase classname="API Utility Functions Unit Tests › Phase 3 API Functions" name="should get market context" time="0.002">
    </testcase>
    <testcase classname="API Utility Functions Unit Tests › Phase 3 API Functions" name="should batch fetch context" time="0.018">
    </testcase>
    <testcase classname="API Utility Functions Unit Tests › Phase 3 API Functions" name="should clear context cache" time="0.001">
    </testcase>
    <testcase classname="API Utility Functions Unit Tests › Phase 3 API Functions" name="should get Phase 3 health" time="0.001">
    </testcase>
    <testcase classname="API Utility Functions Unit Tests › Error Handling" name="should handle 401 errors" time="0.001">
    </testcase>
    <testcase classname="API Utility Functions Unit Tests › Error Handling" name="should handle 403 errors" time="0.005">
    </testcase>
    <testcase classname="API Utility Functions Unit Tests › Error Handling" name="should handle 404 errors" time="0.001">
    </testcase>
    <testcase classname="API Utility Functions Unit Tests › Error Handling" name="should handle 422 errors" time="0.001">
    </testcase>
    <testcase classname="API Utility Functions Unit Tests › Error Handling" name="should handle 500 errors" time="0.001">
    </testcase>
    <testcase classname="API Utility Functions Unit Tests › Error Handling" name="should handle network errors" time="0.001">
    </testcase>
    <testcase classname="API Utility Functions Unit Tests › Error Handling" name="should handle unexpected errors" time="0.001">
    </testcase>
    <testcase classname="API Utility Functions Unit Tests › Error Handling" name="should handle errors with custom detail messages" time="0">
    </testcase>
    <testcase classname="API Utility Functions Unit Tests › API Configuration" name="should have proper base URL" time="0.001">
    </testcase>
    <testcase classname="API Utility Functions Unit Tests › API Configuration" name="should have proper headers" time="0.03">
    </testcase>
    <testcase classname="API Utility Functions Unit Tests › API Configuration" name="should have proper timeout" time="0.001">
    </testcase>
  </testsuite>
  <testsuite name="Test Utilities" errors="0" failures="0" skipped="0" timestamp="2025-09-02T13:56:49" time="1.65" tests="3">
    <testcase classname="Test Utilities" name="renders a simple component" time="0.071">
    </testcase>
    <testcase classname="Test Utilities" name="provides mock data" time="0.001">
    </testcase>
    <testcase classname="Test Utilities" name="provides mock API functions" time="0.003">
    </testcase>
  </testsuite>
  <testsuite name="TaskQueue Real Component Tests" errors="0" failures="0" skipped="0" timestamp="2025-09-02T13:56:22" time="86.483" tests="4">
    <testcase classname="TaskQueue Real Component Tests › Basic Component Rendering" name="renders the TaskQueue component without crashing" time="0.515">
    </testcase>
    <testcase classname="TaskQueue Real Component Tests › Basic Component Rendering" name="displays the component title" time="0.15">
    </testcase>
    <testcase classname="TaskQueue Real Component Tests › Component Structure" name="has the expected Material-UI components" time="0.094">
    </testcase>
    <testcase classname="TaskQueue Real Component Tests › Error Handling" name="handles rendering gracefully" time="0.02">
    </testcase>
  </testsuite>
</testsuites>